<?xml version="1.0" encoding="UTF-8"?>
<!-- Generated by org.testng.reporters.JUnitReportReporter -->
<testsuite hostname="Chandu" failures="0" tests="2" name="runners.TestRunner" time="129.588" errors="0" timestamp="2024-03-26T22:36:26 IST" skipped="0">
  <testcase classname="runners.TestRunner" name="runScenario" time="72.212"/>
  <system-out/>
  <testcase classname="runners.TestRunner" name="runScenario" time="57.376"/>
  <system-out/>
</testsuite> <!-- runners.TestRunner -->
